<?xml version="1.0" encoding="UTF-8"?>
<!-- Generated by org.testng.reporters.JUnitXMLReporter -->
<testsuite hostname="priyanka-PC" name="Test" tests="2" failures="2" timestamp="3 Apr 2021 15:13:14 GMT" time="12.023" errors="0">
  <testcase name="M1" time="7.674" classname="flipkart.homepage">
    <failure type="org.openqa.selenium.SessionNotCreatedException" message="session not created: This version of ChromeDriver only supports Chrome version 83
Build info: version: &amp;apos;3.9.0&amp;apos;, revision: &amp;apos;698b3178f0&amp;apos;, time: &amp;apos;2018-02-05T14:56:13.134Z&amp;apos;
System info: host: &amp;apos;PRIYANKA-PC&amp;apos;, ip: &amp;apos;192.168.43.101&amp;apos;, os.name: &amp;apos;Windows 7&amp;apos;, os.arch: &amp;apos;x86&amp;apos;, os.version: &amp;apos;6.1&amp;apos;, java.version: &amp;apos;1.8.0_151&amp;apos;
Driver info: driver.version: ChromeDriver
remote stacktrace: Backtrace:
	Ordinal0 [0x01529563+2725219]
	Ordinal0 [0x01428551+1672529]
	Ordinal0 [0x01310359+525145]
	Ordinal0 [0x012A0B77+68471]
	Ordinal0 [0x0129D32C+54060]
	Ordinal0 [0x012BCC37+183351]
	Ordinal0 [0x012BCA3D+182845]
	Ordinal0 [0x012BA94B+174411]
	Ordinal0 [0x012A2528+75048]
	Ordinal0 [0x012A35A0+79264]
	Ordinal0 [0x012A3539+79161]
	Ordinal0 [0x0143D607+1758727]
	GetHandleVerifier [0x01646546+1050150]
	GetHandleVerifier [0x01646291+1049457]
	GetHandleVerifier [0x016510D7+1094071]
	GetHandleVerifier [0x01646B46+1051686]
	Ordinal0 [0x01435B06+1727238]
	Ordinal0 [0x0143EB7B+1764219]
	Ordinal0 [0x0143ECE3+1764579]
	Ordinal0 [0x01454C05+1854469]
	BaseThreadInitThunk [0x755533CA+18]
	RtlInitializeExceptionChain [0x77919ED2+99]
	RtlInitializeExceptionChain [0x77919EA5+54]
">
      <![CDATA[org.openqa.selenium.SessionNotCreatedException: session not created: This version of ChromeDriver only supports Chrome version 83
Build info: version: '3.9.0', revision: '698b3178f0', time: '2018-02-05T14:56:13.134Z'
System info: host: 'PRIYANKA-PC', ip: '192.168.43.101', os.name: 'Windows 7', os.arch: 'x86', os.version: '6.1', java.version: '1.8.0_151'
Driver info: driver.version: ChromeDriver
remote stacktrace: Backtrace:
	Ordinal0 [0x01529563+2725219]
	Ordinal0 [0x01428551+1672529]
	Ordinal0 [0x01310359+525145]
	Ordinal0 [0x012A0B77+68471]
	Ordinal0 [0x0129D32C+54060]
	Ordinal0 [0x012BCC37+183351]
	Ordinal0 [0x012BCA3D+182845]
	Ordinal0 [0x012BA94B+174411]
	Ordinal0 [0x012A2528+75048]
	Ordinal0 [0x012A35A0+79264]
	Ordinal0 [0x012A3539+79161]
	Ordinal0 [0x0143D607+1758727]
	GetHandleVerifier [0x01646546+1050150]
	GetHandleVerifier [0x01646291+1049457]
	GetHandleVerifier [0x016510D7+1094071]
	GetHandleVerifier [0x01646B46+1051686]
	Ordinal0 [0x01435B06+1727238]
	Ordinal0 [0x0143EB7B+1764219]
	Ordinal0 [0x0143ECE3+1764579]
	Ordinal0 [0x01454C05+1854469]
	BaseThreadInitThunk [0x755533CA+18]
	RtlInitializeExceptionChain [0x77919ED2+99]
	RtlInitializeExceptionChain [0x77919EA5+54]

	at org.openqa.selenium.remote.W3CHandshakeResponse.lambda$new$0(W3CHandshakeResponse.java:57)
	at org.openqa.selenium.remote.W3CHandshakeResponse.lambda$getResponseFunction$2(W3CHandshakeResponse.java:104)
	at org.openqa.selenium.remote.ProtocolHandshake.lambda$createSession$0(ProtocolHandshake.java:123)
	at java.util.stream.ReferencePipeline$3$1.accept(Unknown Source)
	at java.util.Spliterators$ArraySpliterator.tryAdvance(Unknown Source)
	at java.util.stream.ReferencePipeline.forEachWithCancel(Unknown Source)
	at java.util.stream.AbstractPipeline.copyIntoWithCancel(Unknown Source)
	at java.util.stream.AbstractPipeline.copyInto(Unknown Source)
	at java.util.stream.AbstractPipeline.wrapAndCopyInto(Unknown Source)
	at java.util.stream.FindOps$FindOp.evaluateSequential(Unknown Source)
	at java.util.stream.AbstractPipeline.evaluate(Unknown Source)
	at java.util.stream.ReferencePipeline.findFirst(Unknown Source)
	at org.openqa.selenium.remote.ProtocolHandshake.createSession(ProtocolHandshake.java:126)
	at org.openqa.selenium.remote.ProtocolHandshake.createSession(ProtocolHandshake.java:73)
	at org.openqa.selenium.remote.HttpCommandExecutor.execute(HttpCommandExecutor.java:138)
	at org.openqa.selenium.remote.service.DriverCommandExecutor.execute(DriverCommandExecutor.java:83)
	at org.openqa.selenium.remote.RemoteWebDriver.execute(RemoteWebDriver.java:601)
	at org.openqa.selenium.remote.RemoteWebDriver.startSession(RemoteWebDriver.java:219)
	at org.openqa.selenium.remote.RemoteWebDriver.<init>(RemoteWebDriver.java:142)
	at org.openqa.selenium.chrome.ChromeDriver.<init>(ChromeDriver.java:181)
	at org.openqa.selenium.chrome.ChromeDriver.<init>(ChromeDriver.java:168)
	at org.openqa.selenium.chrome.ChromeDriver.<init>(ChromeDriver.java:123)
	at flipkart.homepage.M1(homepage.java:15)
... Removed 29 stack frames]]>
    </failure>
  </testcase> <!-- M1 -->
  <testcase name="main" time="4.236" classname="flipkart.loginpage">
    <failure type="org.openqa.selenium.SessionNotCreatedException" message="session not created: This version of ChromeDriver only supports Chrome version 83
Build info: version: &amp;apos;3.9.0&amp;apos;, revision: &amp;apos;698b3178f0&amp;apos;, time: &amp;apos;2018-02-05T14:56:13.134Z&amp;apos;
System info: host: &amp;apos;PRIYANKA-PC&amp;apos;, ip: &amp;apos;192.168.43.101&amp;apos;, os.name: &amp;apos;Windows 7&amp;apos;, os.arch: &amp;apos;x86&amp;apos;, os.version: &amp;apos;6.1&amp;apos;, java.version: &amp;apos;1.8.0_151&amp;apos;
Driver info: driver.version: ChromeDriver
remote stacktrace: Backtrace:
	Ordinal0 [0x01529563+2725219]
	Ordinal0 [0x01428551+1672529]
	Ordinal0 [0x01310359+525145]
	Ordinal0 [0x012A0B77+68471]
	Ordinal0 [0x0129D32C+54060]
	Ordinal0 [0x012BCC37+183351]
	Ordinal0 [0x012BCA3D+182845]
	Ordinal0 [0x012BA94B+174411]
	Ordinal0 [0x012A2528+75048]
	Ordinal0 [0x012A35A0+79264]
	Ordinal0 [0x012A3539+79161]
	Ordinal0 [0x0143D607+1758727]
	GetHandleVerifier [0x01646546+1050150]
	GetHandleVerifier [0x01646291+1049457]
	GetHandleVerifier [0x016510D7+1094071]
	GetHandleVerifier [0x01646B46+1051686]
	Ordinal0 [0x01435B06+1727238]
	Ordinal0 [0x0143EB7B+1764219]
	Ordinal0 [0x0143ECE3+1764579]
	Ordinal0 [0x01454C05+1854469]
	BaseThreadInitThunk [0x755533CA+18]
	RtlInitializeExceptionChain [0x77919ED2+99]
	RtlInitializeExceptionChain [0x77919EA5+54]
">
      <![CDATA[org.openqa.selenium.SessionNotCreatedException: session not created: This version of ChromeDriver only supports Chrome version 83
Build info: version: '3.9.0', revision: '698b3178f0', time: '2018-02-05T14:56:13.134Z'
System info: host: 'PRIYANKA-PC', ip: '192.168.43.101', os.name: 'Windows 7', os.arch: 'x86', os.version: '6.1', java.version: '1.8.0_151'
Driver info: driver.version: ChromeDriver
remote stacktrace: Backtrace:
	Ordinal0 [0x01529563+2725219]
	Ordinal0 [0x01428551+1672529]
	Ordinal0 [0x01310359+525145]
	Ordinal0 [0x012A0B77+68471]
	Ordinal0 [0x0129D32C+54060]
	Ordinal0 [0x012BCC37+183351]
	Ordinal0 [0x012BCA3D+182845]
	Ordinal0 [0x012BA94B+174411]
	Ordinal0 [0x012A2528+75048]
	Ordinal0 [0x012A35A0+79264]
	Ordinal0 [0x012A3539+79161]
	Ordinal0 [0x0143D607+1758727]
	GetHandleVerifier [0x01646546+1050150]
	GetHandleVerifier [0x01646291+1049457]
	GetHandleVerifier [0x016510D7+1094071]
	GetHandleVerifier [0x01646B46+1051686]
	Ordinal0 [0x01435B06+1727238]
	Ordinal0 [0x0143EB7B+1764219]
	Ordinal0 [0x0143ECE3+1764579]
	Ordinal0 [0x01454C05+1854469]
	BaseThreadInitThunk [0x755533CA+18]
	RtlInitializeExceptionChain [0x77919ED2+99]
	RtlInitializeExceptionChain [0x77919EA5+54]

	at org.openqa.selenium.remote.W3CHandshakeResponse.lambda$new$0(W3CHandshakeResponse.java:57)
	at org.openqa.selenium.remote.W3CHandshakeResponse.lambda$getResponseFunction$2(W3CHandshakeResponse.java:104)
	at org.openqa.selenium.remote.ProtocolHandshake.lambda$createSession$0(ProtocolHandshake.java:123)
	at java.util.stream.ReferencePipeline$3$1.accept(Unknown Source)
	at java.util.Spliterators$ArraySpliterator.tryAdvance(Unknown Source)
	at java.util.stream.ReferencePipeline.forEachWithCancel(Unknown Source)
	at java.util.stream.AbstractPipeline.copyIntoWithCancel(Unknown Source)
	at java.util.stream.AbstractPipeline.copyInto(Unknown Source)
	at java.util.stream.AbstractPipeline.wrapAndCopyInto(Unknown Source)
	at java.util.stream.FindOps$FindOp.evaluateSequential(Unknown Source)
	at java.util.stream.AbstractPipeline.evaluate(Unknown Source)
	at java.util.stream.ReferencePipeline.findFirst(Unknown Source)
	at org.openqa.selenium.remote.ProtocolHandshake.createSession(ProtocolHandshake.java:126)
	at org.openqa.selenium.remote.ProtocolHandshake.createSession(ProtocolHandshake.java:73)
	at org.openqa.selenium.remote.HttpCommandExecutor.execute(HttpCommandExecutor.java:138)
	at org.openqa.selenium.remote.service.DriverCommandExecutor.execute(DriverCommandExecutor.java:83)
	at org.openqa.selenium.remote.RemoteWebDriver.execute(RemoteWebDriver.java:601)
	at org.openqa.selenium.remote.RemoteWebDriver.startSession(RemoteWebDriver.java:219)
	at org.openqa.selenium.remote.RemoteWebDriver.<init>(RemoteWebDriver.java:142)
	at org.openqa.selenium.chrome.ChromeDriver.<init>(ChromeDriver.java:181)
	at org.openqa.selenium.chrome.ChromeDriver.<init>(ChromeDriver.java:168)
	at org.openqa.selenium.chrome.ChromeDriver.<init>(ChromeDriver.java:123)
	at flipkart.loginpage.main(loginpage.java:16)
... Removed 29 stack frames]]>
    </failure>
  </testcase> <!-- main -->
</testsuite> <!-- Test -->
