<?xml version="1.0" encoding="UTF-8"?>
<!-- Generated by org.testng.reporters.JUnitReportReporter -->
<testsuite hostname="priyanka-PC" name="flipkart.loginpage" tests="1" failures="0" timestamp="3 Apr 2021 15:13:14 GMT" time="4.236" errors="1">
  <testcase name="main" time="4.236" classname="flipkart.loginpage">
    <error type="org.openqa.selenium.SessionNotCreatedException" message="session not created: This version of ChromeDriver only supports Chrome version 83
Build info: version: &#039;3.9.0&#039;, revision: &#039;698b3178f0&#039;, time: &#039;2018-02-05T14:56:13.134Z&#039;
System info: host: &#039;PRIYANKA-PC&#039;, ip: &#039;192.168.43.101&#039;, os.name: &#039;Windows 7&#039;, os.arch: &#039;x86&#039;, os.version: &#039;6.1&#039;, java.version: &#039;1.8.0_151&#039;
Driver info: driver.version: ChromeDriver
remote stacktrace: Backtrace:
	Ordinal0 [0x01529563+2725219]
	Ordinal0 [0x01428551+1672529]
	Ordinal0 [0x01310359+525145]
	Ordinal0 [0x012A0B77+68471]
	Ordinal0 [0x0129D32C+54060]
	Ordinal0 [0x012BCC37+183351]
	Ordinal0 [0x012BCA3D+182845]
	Ordinal0 [0x012BA94B+174411]
	Ordinal0 [0x012A2528+75048]
	Ordinal0 [0x012A35A0+79264]
	Ordinal0 [0x012A3539+79161]
	Ordinal0 [0x0143D607+1758727]
	GetHandleVerifier [0x01646546+1050150]
	GetHandleVerifier [0x01646291+1049457]
	GetHandleVerifier [0x016510D7+1094071]
	GetHandleVerifier [0x01646B46+1051686]
	Ordinal0 [0x01435B06+1727238]
	Ordinal0 [0x0143EB7B+1764219]
	Ordinal0 [0x0143ECE3+1764579]
	Ordinal0 [0x01454C05+1854469]
	BaseThreadInitThunk [0x755533CA+18]
	RtlInitializeExceptionChain [0x77919ED2+99]
	RtlInitializeExceptionChain [0x77919EA5+54]
">
      <![CDATA[org.openqa.selenium.SessionNotCreatedException: session not created: This version of ChromeDriver only supports Chrome version 83
Build info: version: '3.9.0', revision: '698b3178f0', time: '2018-02-05T14:56:13.134Z'
System info: host: 'PRIYANKA-PC', ip: '192.168.43.101', os.name: 'Windows 7', os.arch: 'x86', os.version: '6.1', java.version: '1.8.0_151'
Driver info: driver.version: ChromeDriver
remote stacktrace: Backtrace:
	Ordinal0 [0x01529563+2725219]
	Ordinal0 [0x01428551+1672529]
	Ordinal0 [0x01310359+525145]
	Ordinal0 [0x012A0B77+68471]
	Ordinal0 [0x0129D32C+54060]
	Ordinal0 [0x012BCC37+183351]
	Ordinal0 [0x012BCA3D+182845]
	Ordinal0 [0x012BA94B+174411]
	Ordinal0 [0x012A2528+75048]
	Ordinal0 [0x012A35A0+79264]
	Ordinal0 [0x012A3539+79161]
	Ordinal0 [0x0143D607+1758727]
	GetHandleVerifier [0x01646546+1050150]
	GetHandleVerifier [0x01646291+1049457]
	GetHandleVerifier [0x016510D7+1094071]
	GetHandleVerifier [0x01646B46+1051686]
	Ordinal0 [0x01435B06+1727238]
	Ordinal0 [0x0143EB7B+1764219]
	Ordinal0 [0x0143ECE3+1764579]
	Ordinal0 [0x01454C05+1854469]
	BaseThreadInitThunk [0x755533CA+18]
	RtlInitializeExceptionChain [0x77919ED2+99]
	RtlInitializeExceptionChain [0x77919EA5+54]

	at sun.reflect.NativeConstructorAccessorImpl.newInstance0(Native Method)
	at sun.reflect.NativeConstructorAccessorImpl.newInstance(Unknown Source)
	at sun.reflect.DelegatingConstructorAccessorImpl.newInstance(Unknown Source)
	at java.lang.reflect.Constructor.newInstance(Unknown Source)
	at org.openqa.selenium.remote.W3CHandshakeResponse.lambda$new$0(W3CHandshakeResponse.java:57)
	at org.openqa.selenium.remote.W3CHandshakeResponse.lambda$getResponseFunction$2(W3CHandshakeResponse.java:104)
	at org.openqa.selenium.remote.ProtocolHandshake.lambda$createSession$0(ProtocolHandshake.java:123)
	at java.util.stream.ReferencePipeline$3$1.accept(Unknown Source)
	at java.util.Spliterators$ArraySpliterator.tryAdvance(Unknown Source)
	at java.util.stream.ReferencePipeline.forEachWithCancel(Unknown Source)
	at java.util.stream.AbstractPipeline.copyIntoWithCancel(Unknown Source)
	at java.util.stream.AbstractPipeline.copyInto(Unknown Source)
	at java.util.stream.AbstractPipeline.wrapAndCopyInto(Unknown Source)
	at java.util.stream.FindOps$FindOp.evaluateSequential(Unknown Source)
	at java.util.stream.AbstractPipeline.evaluate(Unknown Source)
	at java.util.stream.ReferencePipeline.findFirst(Unknown Source)
	at org.openqa.selenium.remote.ProtocolHandshake.createSession(ProtocolHandshake.java:126)
	at org.openqa.selenium.remote.ProtocolHandshake.createSession(ProtocolHandshake.java:73)
	at org.openqa.selenium.remote.HttpCommandExecutor.execute(HttpCommandExecutor.java:138)
	at org.openqa.selenium.remote.service.DriverCommandExecutor.execute(DriverCommandExecutor.java:83)
	at org.openqa.selenium.remote.RemoteWebDriver.execute(RemoteWebDriver.java:601)
	at org.openqa.selenium.remote.RemoteWebDriver.startSession(RemoteWebDriver.java:219)
	at org.openqa.selenium.remote.RemoteWebDriver.<init>(RemoteWebDriver.java:142)
	at org.openqa.selenium.chrome.ChromeDriver.<init>(ChromeDriver.java:181)
	at org.openqa.selenium.chrome.ChromeDriver.<init>(ChromeDriver.java:168)
	at org.openqa.selenium.chrome.ChromeDriver.<init>(ChromeDriver.java:123)
	at flipkart.loginpage.main(loginpage.java:16)
	at sun.reflect.NativeMethodAccessorImpl.invoke0(Native Method)
	at sun.reflect.NativeMethodAccessorImpl.invoke(Unknown Source)
	at sun.reflect.DelegatingMethodAccessorImpl.invoke(Unknown Source)
	at java.lang.reflect.Method.invoke(Unknown Source)
	at org.testng.internal.MethodInvocationHelper.invokeMethod(MethodInvocationHelper.java:86)
	at org.testng.internal.Invoker.invokeMethod(Invoker.java:646)
	at org.testng.internal.Invoker.invokeTestMethod(Invoker.java:823)
	at org.testng.internal.Invoker.invokeTestMethods(Invoker.java:1131)
	at org.testng.internal.TestMethodWorker.invokeTestMethods(TestMethodWorker.java:129)
	at org.testng.internal.TestMethodWorker.run(TestMethodWorker.java:112)
	at org.testng.TestRunner.privateRun(TestRunner.java:778)
	at org.testng.TestRunner.run(TestRunner.java:632)
	at org.testng.SuiteRunner.runTest(SuiteRunner.java:366)
	at org.testng.SuiteRunner.runSequentially(SuiteRunner.java:361)
	at org.testng.SuiteRunner.privateRun(SuiteRunner.java:319)
	at org.testng.SuiteRunner.run(SuiteRunner.java:268)
	at org.testng.SuiteRunnerWorker.runSuite(SuiteRunnerWorker.java:52)
	at org.testng.SuiteRunnerWorker.run(SuiteRunnerWorker.java:86)
	at org.testng.TestNG.runSuitesSequentially(TestNG.java:1225)
	at org.testng.TestNG.runSuitesLocally(TestNG.java:1150)
	at org.testng.TestNG.runSuites(TestNG.java:1075)
	at org.testng.TestNG.run(TestNG.java:1047)
	at org.testng.remote.AbstractRemoteTestNG.run(AbstractRemoteTestNG.java:126)
	at org.testng.remote.RemoteTestNG.initAndRun(RemoteTestNG.java:137)
	at org.testng.remote.RemoteTestNG.main(RemoteTestNG.java:58)
]]>
    </error>
  </testcase> <!-- main -->
</testsuite> <!-- flipkart.loginpage -->
